08-Apr-2022 10:12:23.756 INFO [main] org.apache.catalina.startup.VersionLoggerListener.log Server version name:   Apache Tomcat/8.5.76
08-Apr-2022 10:12:23.756 INFO [main] org.apache.catalina.startup.VersionLoggerListener.log Server built:          Feb 23 2022 17:59:11 UTC
08-Apr-2022 10:12:23.756 INFO [main] org.apache.catalina.startup.VersionLoggerListener.log Server version number: 8.5.76.0
08-Apr-2022 10:12:23.756 INFO [main] org.apache.catalina.startup.VersionLoggerListener.log OS Name:               Windows 10
08-Apr-2022 10:12:23.756 INFO [main] org.apache.catalina.startup.VersionLoggerListener.log OS Version:            10.0
08-Apr-2022 10:12:23.756 INFO [main] org.apache.catalina.startup.VersionLoggerListener.log Architecture:          amd64
08-Apr-2022 10:12:23.756 INFO [main] org.apache.catalina.startup.VersionLoggerListener.log Java Home:             C:\Program Files\Java\jdk1.8.0_271\jre
08-Apr-2022 10:12:23.756 INFO [main] org.apache.catalina.startup.VersionLoggerListener.log JVM Version:           1.8.0_271-b09
08-Apr-2022 10:12:23.756 INFO [main] org.apache.catalina.startup.VersionLoggerListener.log JVM Vendor:            Oracle Corporation
08-Apr-2022 10:12:23.756 INFO [main] org.apache.catalina.startup.VersionLoggerListener.log CATALINA_BASE:         D:\IJSE\Advanced API Development\2022..03..07\apache-tomcat-8.5.76
08-Apr-2022 10:12:23.756 INFO [main] org.apache.catalina.startup.VersionLoggerListener.log CATALINA_HOME:         D:\IJSE\Advanced API Development\2022..03..07\apache-tomcat-8.5.76
08-Apr-2022 10:12:23.756 INFO [main] org.apache.catalina.startup.VersionLoggerListener.log Command line argument: -Djava.util.logging.config.file=D:\IJSE\Advanced API Development\2022..03..07\apache-tomcat-8.5.76\conf\logging.properties
08-Apr-2022 10:12:23.756 INFO [main] org.apache.catalina.startup.VersionLoggerListener.log Command line argument: -Djava.util.logging.manager=org.apache.juli.ClassLoaderLogManager
08-Apr-2022 10:12:23.756 INFO [main] org.apache.catalina.startup.VersionLoggerListener.log Command line argument: -Djdk.tls.ephemeralDHKeySize=2048
08-Apr-2022 10:12:23.756 INFO [main] org.apache.catalina.startup.VersionLoggerListener.log Command line argument: -Djava.protocol.handler.pkgs=org.apache.catalina.webresources
08-Apr-2022 10:12:23.756 INFO [main] org.apache.catalina.startup.VersionLoggerListener.log Command line argument: -Dignore.endorsed.dirs=
08-Apr-2022 10:12:23.756 INFO [main] org.apache.catalina.startup.VersionLoggerListener.log Command line argument: -Dcatalina.base=D:\IJSE\Advanced API Development\2022..03..07\apache-tomcat-8.5.76
08-Apr-2022 10:12:23.761 INFO [main] org.apache.catalina.startup.VersionLoggerListener.log Command line argument: -Dcatalina.home=D:\IJSE\Advanced API Development\2022..03..07\apache-tomcat-8.5.76
08-Apr-2022 10:12:23.761 INFO [main] org.apache.catalina.startup.VersionLoggerListener.log Command line argument: -Djava.io.tmpdir=D:\IJSE\Advanced API Development\2022..03..07\apache-tomcat-8.5.76\temp
08-Apr-2022 10:12:23.761 INFO [main] org.apache.catalina.core.AprLifecycleListener.lifecycleEvent Loaded Apache Tomcat Native library [1.2.31] using APR version [1.7.0].
08-Apr-2022 10:12:23.761 INFO [main] org.apache.catalina.core.AprLifecycleListener.lifecycleEvent APR capabilities: IPv6 [true], sendfile [true], accept filters [false], random [true], UDS [{4}].
08-Apr-2022 10:12:23.761 INFO [main] org.apache.catalina.core.AprLifecycleListener.lifecycleEvent APR/OpenSSL configuration: useAprConnector [false], useOpenSSL [true]
08-Apr-2022 10:12:23.766 INFO [main] org.apache.catalina.core.AprLifecycleListener.initializeSSL OpenSSL successfully initialized [OpenSSL 1.1.1l  24 Aug 2021]
08-Apr-2022 10:12:23.856 INFO [main] org.apache.coyote.AbstractProtocol.init Initializing ProtocolHandler ["http-nio-8080"]
08-Apr-2022 10:12:23.876 INFO [main] org.apache.catalina.startup.Catalina.load Initialization processed in 388 ms
08-Apr-2022 10:12:23.896 INFO [main] org.apache.catalina.core.StandardService.startInternal Starting service [Catalina]
08-Apr-2022 10:12:23.896 INFO [main] org.apache.catalina.core.StandardEngine.startInternal Starting Servlet engine: [Apache Tomcat/8.5.76]
08-Apr-2022 10:12:23.920 INFO [localhost-startStop-1] org.apache.catalina.startup.HostConfig.deployWAR Deploying web application archive [D:\IJSE\Advanced API Development\2022..03..07\apache-tomcat-8.5.76\webapps\unnamed.war]
08-Apr-2022 10:12:24.191 WARNING [localhost-startStop-1] org.apache.tomcat.util.descriptor.web.WebXml.setVersion Unknown version string [4.0]. Default version will be used.
08-Apr-2022 10:12:24.380 WARNING [localhost-startStop-1] org.apache.catalina.util.SessionIdGeneratorBase.createSecureRandom Creation of SecureRandom instance for session ID generation using [SHA1PRNG] took [114] milliseconds.
08-Apr-2022 10:12:24.391 INFO [localhost-startStop-1] org.apache.catalina.startup.HostConfig.deployWAR Deployment of web application archive [D:\IJSE\Advanced API Development\2022..03..07\apache-tomcat-8.5.76\webapps\unnamed.war] has finished in [471] ms
08-Apr-2022 10:12:24.425 INFO [localhost-startStop-1] org.apache.catalina.startup.HostConfig.deployDirectory Deploying web application directory [D:\IJSE\Advanced API Development\2022..03..07\apache-tomcat-8.5.76\webapps\docs]
08-Apr-2022 10:12:24.519 INFO [localhost-startStop-1] org.apache.catalina.startup.HostConfig.deployDirectory Deployment of web application directory [D:\IJSE\Advanced API Development\2022..03..07\apache-tomcat-8.5.76\webapps\docs] has finished in [94] ms
08-Apr-2022 10:12:24.519 INFO [localhost-startStop-1] org.apache.catalina.startup.HostConfig.deployDirectory Deploying web application directory [D:\IJSE\Advanced API Development\2022..03..07\apache-tomcat-8.5.76\webapps\examples]
08-Apr-2022 10:12:25.452 INFO [localhost-startStop-1] org.apache.catalina.startup.HostConfig.deployDirectory Deployment of web application directory [D:\IJSE\Advanced API Development\2022..03..07\apache-tomcat-8.5.76\webapps\examples] has finished in [933] ms
08-Apr-2022 10:12:25.457 INFO [localhost-startStop-1] org.apache.catalina.startup.HostConfig.deployDirectory Deploying web application directory [D:\IJSE\Advanced API Development\2022..03..07\apache-tomcat-8.5.76\webapps\host-manager]
08-Apr-2022 10:12:25.513 INFO [localhost-startStop-1] org.apache.catalina.startup.HostConfig.deployDirectory Deployment of web application directory [D:\IJSE\Advanced API Development\2022..03..07\apache-tomcat-8.5.76\webapps\host-manager] has finished in [56] ms
08-Apr-2022 10:12:25.513 INFO [localhost-startStop-1] org.apache.catalina.startup.HostConfig.deployDirectory Deploying web application directory [D:\IJSE\Advanced API Development\2022..03..07\apache-tomcat-8.5.76\webapps\manager]
08-Apr-2022 10:12:25.528 INFO [localhost-startStop-1] org.apache.catalina.startup.HostConfig.deployDirectory Deployment of web application directory [D:\IJSE\Advanced API Development\2022..03..07\apache-tomcat-8.5.76\webapps\manager] has finished in [15] ms
08-Apr-2022 10:12:25.528 INFO [localhost-startStop-1] org.apache.catalina.startup.HostConfig.deployDirectory Deploying web application directory [D:\IJSE\Advanced API Development\2022..03..07\apache-tomcat-8.5.76\webapps\ROOT]
08-Apr-2022 10:12:25.571 INFO [localhost-startStop-1] org.apache.catalina.startup.HostConfig.deployDirectory Deployment of web application directory [D:\IJSE\Advanced API Development\2022..03..07\apache-tomcat-8.5.76\webapps\ROOT] has finished in [43] ms
08-Apr-2022 10:12:25.576 INFO [main] org.apache.coyote.AbstractProtocol.start Starting ProtocolHandler ["http-nio-8080"]
08-Apr-2022 10:12:25.586 INFO [main] org.apache.catalina.startup.Catalina.start Server startup in 1708 ms
08-Apr-2022 10:12:32.105 INFO [main] org.apache.catalina.startup.VersionLoggerListener.log Server version name:   Apache Tomcat/8.5.76
08-Apr-2022 10:12:32.150 INFO [main] org.apache.catalina.startup.VersionLoggerListener.log Server built:          Feb 23 2022 17:59:11 UTC
08-Apr-2022 10:12:32.150 INFO [main] org.apache.catalina.startup.VersionLoggerListener.log Server version number: 8.5.76.0
08-Apr-2022 10:12:32.150 INFO [main] org.apache.catalina.startup.VersionLoggerListener.log OS Name:               Windows 10
08-Apr-2022 10:12:32.150 INFO [main] org.apache.catalina.startup.VersionLoggerListener.log OS Version:            10.0
08-Apr-2022 10:12:32.150 INFO [main] org.apache.catalina.startup.VersionLoggerListener.log Architecture:          amd64
08-Apr-2022 10:12:32.150 INFO [main] org.apache.catalina.startup.VersionLoggerListener.log Java Home:             C:\Program Files\Java\jdk1.8.0_271\jre
08-Apr-2022 10:12:32.150 INFO [main] org.apache.catalina.startup.VersionLoggerListener.log JVM Version:           1.8.0_271-b09
08-Apr-2022 10:12:32.150 INFO [main] org.apache.catalina.startup.VersionLoggerListener.log JVM Vendor:            Oracle Corporation
08-Apr-2022 10:12:32.150 INFO [main] org.apache.catalina.startup.VersionLoggerListener.log CATALINA_BASE:         D:\IJSE\Advanced API Development\2022..03..07\apache-tomcat-8.5.76
08-Apr-2022 10:12:32.150 INFO [main] org.apache.catalina.startup.VersionLoggerListener.log CATALINA_HOME:         D:\IJSE\Advanced API Development\2022..03..07\apache-tomcat-8.5.76
08-Apr-2022 10:12:32.153 INFO [main] org.apache.catalina.startup.VersionLoggerListener.log Command line argument: -Djava.util.logging.config.file=D:/IJSE/Advanced API Development/2022..03..07/apache-tomcat-8.5.76/conf/logging.properties
08-Apr-2022 10:12:32.153 INFO [main] org.apache.catalina.startup.VersionLoggerListener.log Command line argument: -Djava.util.logging.manager=org.apache.juli.ClassLoaderLogManager
08-Apr-2022 10:12:32.153 INFO [main] org.apache.catalina.startup.VersionLoggerListener.log Command line argument: -Djdk.tls.ephemeralDHKeySize=2048
08-Apr-2022 10:12:32.153 INFO [main] org.apache.catalina.startup.VersionLoggerListener.log Command line argument: -Djava.protocol.handler.pkgs=org.apache.catalina.webresources
08-Apr-2022 10:12:32.153 INFO [main] org.apache.catalina.startup.VersionLoggerListener.log Command line argument: -Dorg.apache.catalina.security.SecurityListener.UMASK=0027
08-Apr-2022 10:12:32.153 INFO [main] org.apache.catalina.startup.VersionLoggerListener.log Command line argument: -Dignore.endorsed.dirs=
08-Apr-2022 10:12:32.153 INFO [main] org.apache.catalina.startup.VersionLoggerListener.log Command line argument: -Dcatalina.base=D:/IJSE/Advanced API Development/2022..03..07/apache-tomcat-8.5.76
08-Apr-2022 10:12:32.153 INFO [main] org.apache.catalina.startup.VersionLoggerListener.log Command line argument: -Dcatalina.home=D:/IJSE/Advanced API Development/2022..03..07/apache-tomcat-8.5.76
08-Apr-2022 10:12:32.153 INFO [main] org.apache.catalina.startup.VersionLoggerListener.log Command line argument: -Djava.io.tmpdir=D:/IJSE/Advanced API Development/2022..03..07/apache-tomcat-8.5.76/temp
08-Apr-2022 10:12:32.153 INFO [main] org.apache.catalina.core.AprLifecycleListener.lifecycleEvent Loaded Apache Tomcat Native library [1.2.31] using APR version [1.7.0].
08-Apr-2022 10:12:32.153 INFO [main] org.apache.catalina.core.AprLifecycleListener.lifecycleEvent APR capabilities: IPv6 [true], sendfile [true], accept filters [false], random [true], UDS [{4}].
08-Apr-2022 10:12:32.153 INFO [main] org.apache.catalina.core.AprLifecycleListener.lifecycleEvent APR/OpenSSL configuration: useAprConnector [false], useOpenSSL [true]
08-Apr-2022 10:12:32.153 INFO [main] org.apache.catalina.core.AprLifecycleListener.initializeSSL OpenSSL successfully initialized [OpenSSL 1.1.1l  24 Aug 2021]
08-Apr-2022 10:12:32.372 INFO [main] org.apache.coyote.AbstractProtocol.init Initializing ProtocolHandler ["http-nio-8080"]
08-Apr-2022 10:12:32.388 INFO [main] org.apache.catalina.startup.Catalina.load Initialization processed in 581 ms
08-Apr-2022 10:12:32.403 INFO [main] org.apache.catalina.core.StandardService.startInternal Starting service [Catalina]
08-Apr-2022 10:12:32.403 INFO [main] org.apache.catalina.core.StandardEngine.startInternal Starting Servlet engine: [Apache Tomcat/8.5.76]
08-Apr-2022 10:12:32.419 INFO [localhost-startStop-1] org.apache.catalina.startup.HostConfig.deployWAR Deploying web application archive [D:\IJSE\Advanced API Development\2022..03..07\apache-tomcat-8.5.76\webapps\unnamed.war]
08-Apr-2022 10:12:32.498 WARNING [localhost-startStop-1] org.apache.tomcat.util.descriptor.web.WebXml.setVersion Unknown version string [4.0]. Default version will be used.
08-Apr-2022 10:12:32.686 WARNING [localhost-startStop-1] org.apache.catalina.util.SessionIdGeneratorBase.createSecureRandom Creation of SecureRandom instance for session ID generation using [SHA1PRNG] took [110] milliseconds.
08-Apr-2022 10:12:32.702 INFO [localhost-startStop-1] org.apache.catalina.startup.HostConfig.deployWAR Deployment of web application archive [D:\IJSE\Advanced API Development\2022..03..07\apache-tomcat-8.5.76\webapps\unnamed.war] has finished in [283] ms
08-Apr-2022 10:12:32.702 INFO [localhost-startStop-1] org.apache.catalina.startup.HostConfig.deployDirectory Deploying web application directory [D:\IJSE\Advanced API Development\2022..03..07\apache-tomcat-8.5.76\webapps\docs]
08-Apr-2022 10:12:32.717 INFO [localhost-startStop-1] org.apache.catalina.startup.HostConfig.deployDirectory Deployment of web application directory [D:\IJSE\Advanced API Development\2022..03..07\apache-tomcat-8.5.76\webapps\docs] has finished in [15] ms
08-Apr-2022 10:12:32.717 INFO [localhost-startStop-1] org.apache.catalina.startup.HostConfig.deployDirectory Deploying web application directory [D:\IJSE\Advanced API Development\2022..03..07\apache-tomcat-8.5.76\webapps\examples]
08-Apr-2022 10:12:32.905 INFO [localhost-startStop-1] org.apache.catalina.startup.HostConfig.deployDirectory Deployment of web application directory [D:\IJSE\Advanced API Development\2022..03..07\apache-tomcat-8.5.76\webapps\examples] has finished in [188] ms
08-Apr-2022 10:12:32.905 INFO [localhost-startStop-1] org.apache.catalina.startup.HostConfig.deployDirectory Deploying web application directory [D:\IJSE\Advanced API Development\2022..03..07\apache-tomcat-8.5.76\webapps\host-manager]
08-Apr-2022 10:12:32.921 INFO [localhost-startStop-1] org.apache.catalina.startup.HostConfig.deployDirectory Deployment of web application directory [D:\IJSE\Advanced API Development\2022..03..07\apache-tomcat-8.5.76\webapps\host-manager] has finished in [16] ms
08-Apr-2022 10:12:32.921 INFO [localhost-startStop-1] org.apache.catalina.startup.HostConfig.deployDirectory Deploying web application directory [D:\IJSE\Advanced API Development\2022..03..07\apache-tomcat-8.5.76\webapps\manager]
08-Apr-2022 10:12:32.937 INFO [localhost-startStop-1] org.apache.catalina.startup.HostConfig.deployDirectory Deployment of web application directory [D:\IJSE\Advanced API Development\2022..03..07\apache-tomcat-8.5.76\webapps\manager] has finished in [16] ms
08-Apr-2022 10:12:32.937 INFO [localhost-startStop-1] org.apache.catalina.startup.HostConfig.deployDirectory Deploying web application directory [D:\IJSE\Advanced API Development\2022..03..07\apache-tomcat-8.5.76\webapps\ROOT]
08-Apr-2022 10:12:32.953 INFO [localhost-startStop-1] org.apache.catalina.startup.HostConfig.deployDirectory Deployment of web application directory [D:\IJSE\Advanced API Development\2022..03..07\apache-tomcat-8.5.76\webapps\ROOT] has finished in [16] ms
08-Apr-2022 10:12:32.953 INFO [main] org.apache.coyote.AbstractProtocol.start Starting ProtocolHandler ["http-nio-8080"]
08-Apr-2022 10:12:32.968 INFO [main] org.apache.catalina.startup.Catalina.start Server startup in 570 ms
08-Apr-2022 10:12:45.830 INFO [main] org.apache.catalina.startup.VersionLoggerListener.log Server version name:   Apache Tomcat/8.5.76
08-Apr-2022 10:12:45.830 INFO [main] org.apache.catalina.startup.VersionLoggerListener.log Server built:          Feb 23 2022 17:59:11 UTC
08-Apr-2022 10:12:45.830 INFO [main] org.apache.catalina.startup.VersionLoggerListener.log Server version number: 8.5.76.0
08-Apr-2022 10:12:45.830 INFO [main] org.apache.catalina.startup.VersionLoggerListener.log OS Name:               Windows 10
08-Apr-2022 10:12:45.830 INFO [main] org.apache.catalina.startup.VersionLoggerListener.log OS Version:            10.0
08-Apr-2022 10:12:45.830 INFO [main] org.apache.catalina.startup.VersionLoggerListener.log Architecture:          amd64
08-Apr-2022 10:12:45.830 INFO [main] org.apache.catalina.startup.VersionLoggerListener.log Java Home:             C:\Program Files\Java\jdk1.8.0_271\jre
08-Apr-2022 10:12:45.830 INFO [main] org.apache.catalina.startup.VersionLoggerListener.log JVM Version:           1.8.0_271-b09
08-Apr-2022 10:12:45.830 INFO [main] org.apache.catalina.startup.VersionLoggerListener.log JVM Vendor:            Oracle Corporation
08-Apr-2022 10:12:45.830 INFO [main] org.apache.catalina.startup.VersionLoggerListener.log CATALINA_BASE:         D:\IJSE\Advanced API Development\2022..03..07\apache-tomcat-8.5.76
08-Apr-2022 10:12:45.830 INFO [main] org.apache.catalina.startup.VersionLoggerListener.log CATALINA_HOME:         D:\IJSE\Advanced API Development\2022..03..07\apache-tomcat-8.5.76
08-Apr-2022 10:12:45.830 INFO [main] org.apache.catalina.startup.VersionLoggerListener.log Command line argument: -Djava.util.logging.config.file=D:/IJSE/Advanced API Development/2022..03..07/apache-tomcat-8.5.76/conf/logging.properties
08-Apr-2022 10:12:45.830 INFO [main] org.apache.catalina.startup.VersionLoggerListener.log Command line argument: -Djava.util.logging.manager=org.apache.juli.ClassLoaderLogManager
08-Apr-2022 10:12:45.830 INFO [main] org.apache.catalina.startup.VersionLoggerListener.log Command line argument: -Djdk.tls.ephemeralDHKeySize=2048
08-Apr-2022 10:12:45.830 INFO [main] org.apache.catalina.startup.VersionLoggerListener.log Command line argument: -Djava.protocol.handler.pkgs=org.apache.catalina.webresources
08-Apr-2022 10:12:45.830 INFO [main] org.apache.catalina.startup.VersionLoggerListener.log Command line argument: -Dorg.apache.catalina.security.SecurityListener.UMASK=0027
08-Apr-2022 10:12:45.830 INFO [main] org.apache.catalina.startup.VersionLoggerListener.log Command line argument: -Dignore.endorsed.dirs=
08-Apr-2022 10:12:45.830 INFO [main] org.apache.catalina.startup.VersionLoggerListener.log Command line argument: -Dcatalina.base=D:/IJSE/Advanced API Development/2022..03..07/apache-tomcat-8.5.76
08-Apr-2022 10:12:45.830 INFO [main] org.apache.catalina.startup.VersionLoggerListener.log Command line argument: -Dcatalina.home=D:/IJSE/Advanced API Development/2022..03..07/apache-tomcat-8.5.76
08-Apr-2022 10:12:45.830 INFO [main] org.apache.catalina.startup.VersionLoggerListener.log Command line argument: -Djava.io.tmpdir=D:/IJSE/Advanced API Development/2022..03..07/apache-tomcat-8.5.76/temp
08-Apr-2022 10:12:45.830 INFO [main] org.apache.catalina.core.AprLifecycleListener.lifecycleEvent Loaded Apache Tomcat Native library [1.2.31] using APR version [1.7.0].
08-Apr-2022 10:12:45.830 INFO [main] org.apache.catalina.core.AprLifecycleListener.lifecycleEvent APR capabilities: IPv6 [true], sendfile [true], accept filters [false], random [true], UDS [{4}].
08-Apr-2022 10:12:45.830 INFO [main] org.apache.catalina.core.AprLifecycleListener.lifecycleEvent APR/OpenSSL configuration: useAprConnector [false], useOpenSSL [true]
08-Apr-2022 10:12:45.846 INFO [main] org.apache.catalina.core.AprLifecycleListener.initializeSSL OpenSSL successfully initialized [OpenSSL 1.1.1l  24 Aug 2021]
08-Apr-2022 10:12:45.924 INFO [main] org.apache.coyote.AbstractProtocol.init Initializing ProtocolHandler ["http-nio-8080"]
08-Apr-2022 10:12:45.940 SEVERE [main] org.apache.catalina.core.StandardService.initInternal Failed to initialize connector [Connector[HTTP/1.1-8080]]
	org.apache.catalina.LifecycleException: Protocol handler initialization failed
		at org.apache.catalina.connector.Connector.initInternal(Connector.java:1114)
		at org.apache.catalina.util.LifecycleBase.init(LifecycleBase.java:136)
		at org.apache.catalina.core.StandardService.initInternal(StandardService.java:571)
		at org.apache.catalina.util.LifecycleBase.init(LifecycleBase.java:136)
		at org.apache.catalina.core.StandardServer.initInternal(StandardServer.java:874)
		at org.apache.catalina.util.LifecycleBase.init(LifecycleBase.java:136)
		at org.apache.catalina.startup.Catalina.load(Catalina.java:646)
		at org.apache.catalina.startup.Catalina.load(Catalina.java:669)
		at sun.reflect.NativeMethodAccessorImpl.invoke0(Native Method)
		at sun.reflect.NativeMethodAccessorImpl.invoke(NativeMethodAccessorImpl.java:62)
		at sun.reflect.DelegatingMethodAccessorImpl.invoke(DelegatingMethodAccessorImpl.java:43)
		at java.lang.reflect.Method.invoke(Method.java:498)
		at org.apache.catalina.startup.Bootstrap.load(Bootstrap.java:305)
		at org.apache.catalina.startup.Bootstrap.main(Bootstrap.java:475)
	Caused by: java.net.BindException: Address already in use: bind
		at sun.nio.ch.Net.bind0(Native Method)
		at sun.nio.ch.Net.bind(Net.java:444)
		at sun.nio.ch.Net.bind(Net.java:436)
		at sun.nio.ch.ServerSocketChannelImpl.bind(ServerSocketChannelImpl.java:225)
		at sun.nio.ch.ServerSocketAdaptor.bind(ServerSocketAdaptor.java:74)
		at org.apache.tomcat.util.net.NioEndpoint.initServerSocket(NioEndpoint.java:224)
		at org.apache.tomcat.util.net.NioEndpoint.bind(NioEndpoint.java:200)
		at org.apache.tomcat.util.net.AbstractEndpoint.bindWithCleanup(AbstractEndpoint.java:1221)
		at org.apache.tomcat.util.net.AbstractEndpoint.init(AbstractEndpoint.java:1234)
		at org.apache.tomcat.util.net.AbstractJsseEndpoint.init(AbstractJsseEndpoint.java:222)
		at org.apache.coyote.AbstractProtocol.init(AbstractProtocol.java:633)
		at org.apache.coyote.http11.AbstractHttp11Protocol.init(AbstractHttp11Protocol.java:80)
		at org.apache.catalina.connector.Connector.initInternal(Connector.java:1111)
		... 13 more
08-Apr-2022 10:12:45.940 INFO [main] org.apache.catalina.startup.Catalina.load Initialization processed in 421 ms
08-Apr-2022 10:12:45.956 INFO [main] org.apache.catalina.core.StandardService.startInternal Starting service [Catalina]
08-Apr-2022 10:12:45.956 INFO [main] org.apache.catalina.core.StandardEngine.startInternal Starting Servlet engine: [Apache Tomcat/8.5.76]
08-Apr-2022 10:12:45.971 INFO [localhost-startStop-1] org.apache.catalina.startup.HostConfig.deployWAR Deploying web application archive [D:\IJSE\Advanced API Development\2022..03..07\apache-tomcat-8.5.76\webapps\unnamed.war]
08-Apr-2022 10:12:46.050 WARNING [localhost-startStop-1] org.apache.tomcat.util.descriptor.web.WebXml.setVersion Unknown version string [4.0]. Default version will be used.
08-Apr-2022 10:12:46.238 WARNING [localhost-startStop-1] org.apache.catalina.util.SessionIdGeneratorBase.createSecureRandom Creation of SecureRandom instance for session ID generation using [SHA1PRNG] took [110] milliseconds.
08-Apr-2022 10:12:46.254 INFO [localhost-startStop-1] org.apache.catalina.startup.HostConfig.deployWAR Deployment of web application archive [D:\IJSE\Advanced API Development\2022..03..07\apache-tomcat-8.5.76\webapps\unnamed.war] has finished in [283] ms
08-Apr-2022 10:12:46.254 INFO [localhost-startStop-1] org.apache.catalina.startup.HostConfig.deployDirectory Deploying web application directory [D:\IJSE\Advanced API Development\2022..03..07\apache-tomcat-8.5.76\webapps\docs]
08-Apr-2022 10:12:46.269 INFO [localhost-startStop-1] org.apache.catalina.startup.HostConfig.deployDirectory Deployment of web application directory [D:\IJSE\Advanced API Development\2022..03..07\apache-tomcat-8.5.76\webapps\docs] has finished in [15] ms
08-Apr-2022 10:12:46.269 INFO [localhost-startStop-1] org.apache.catalina.startup.HostConfig.deployDirectory Deploying web application directory [D:\IJSE\Advanced API Development\2022..03..07\apache-tomcat-8.5.76\webapps\examples]
08-Apr-2022 10:12:46.442 INFO [localhost-startStop-1] org.apache.catalina.startup.HostConfig.deployDirectory Deployment of web application directory [D:\IJSE\Advanced API Development\2022..03..07\apache-tomcat-8.5.76\webapps\examples] has finished in [173] ms
08-Apr-2022 10:12:46.442 INFO [localhost-startStop-1] org.apache.catalina.startup.HostConfig.deployDirectory Deploying web application directory [D:\IJSE\Advanced API Development\2022..03..07\apache-tomcat-8.5.76\webapps\host-manager]
08-Apr-2022 10:12:46.466 INFO [localhost-startStop-1] org.apache.catalina.startup.HostConfig.deployDirectory Deployment of web application directory [D:\IJSE\Advanced API Development\2022..03..07\apache-tomcat-8.5.76\webapps\host-manager] has finished in [24] ms
08-Apr-2022 10:12:46.466 INFO [localhost-startStop-1] org.apache.catalina.startup.HostConfig.deployDirectory Deploying web application directory [D:\IJSE\Advanced API Development\2022..03..07\apache-tomcat-8.5.76\webapps\manager]
08-Apr-2022 10:12:46.473 INFO [localhost-startStop-1] org.apache.catalina.startup.HostConfig.deployDirectory Deployment of web application directory [D:\IJSE\Advanced API Development\2022..03..07\apache-tomcat-8.5.76\webapps\manager] has finished in [7] ms
08-Apr-2022 10:12:46.473 INFO [localhost-startStop-1] org.apache.catalina.startup.HostConfig.deployDirectory Deploying web application directory [D:\IJSE\Advanced API Development\2022..03..07\apache-tomcat-8.5.76\webapps\ROOT]
08-Apr-2022 10:12:46.493 INFO [localhost-startStop-1] org.apache.catalina.startup.HostConfig.deployDirectory Deployment of web application directory [D:\IJSE\Advanced API Development\2022..03..07\apache-tomcat-8.5.76\webapps\ROOT] has finished in [20] ms
08-Apr-2022 10:12:46.493 INFO [main] org.apache.catalina.startup.Catalina.start Server startup in 548 ms
08-Apr-2022 10:12:46.493 SEVERE [main] org.apache.catalina.core.StandardServer.await Failed to create server shutdown socket on address [localhost] and port [8005] (base port [8005] and offset [0])
	java.net.BindException: Address already in use: JVM_Bind
		at java.net.DualStackPlainSocketImpl.bind0(Native Method)
		at java.net.DualStackPlainSocketImpl.socketBind(DualStackPlainSocketImpl.java:102)
		at java.net.AbstractPlainSocketImpl.bind(AbstractPlainSocketImpl.java:513)
		at java.net.PlainSocketImpl.bind(PlainSocketImpl.java:180)
		at java.net.ServerSocket.bind(ServerSocket.java:375)
		at java.net.ServerSocket.<init>(ServerSocket.java:237)
		at org.apache.catalina.core.StandardServer.await(StandardServer.java:446)
		at org.apache.catalina.startup.Catalina.await(Catalina.java:783)
		at org.apache.catalina.startup.Catalina.start(Catalina.java:729)
		at sun.reflect.NativeMethodAccessorImpl.invoke0(Native Method)
		at sun.reflect.NativeMethodAccessorImpl.invoke(NativeMethodAccessorImpl.java:62)
		at sun.reflect.DelegatingMethodAccessorImpl.invoke(DelegatingMethodAccessorImpl.java:43)
		at java.lang.reflect.Method.invoke(Method.java:498)
		at org.apache.catalina.startup.Bootstrap.start(Bootstrap.java:345)
		at org.apache.catalina.startup.Bootstrap.main(Bootstrap.java:476)
08-Apr-2022 10:12:46.493 INFO [main] org.apache.coyote.AbstractProtocol.pause Pausing ProtocolHandler ["http-nio-8080"]
08-Apr-2022 10:12:46.493 INFO [main] org.apache.catalina.core.StandardService.stopInternal Stopping service [Catalina]
08-Apr-2022 10:12:46.505 INFO [main] org.apache.coyote.AbstractProtocol.stop Stopping ProtocolHandler ["http-nio-8080"]
08-Apr-2022 10:12:46.505 INFO [main] org.apache.coyote.AbstractProtocol.destroy Destroying ProtocolHandler ["http-nio-8080"]
08-Apr-2022 10:14:37.848 INFO [main] org.apache.catalina.core.StandardServer.await A valid shutdown command was received via the shutdown port. Stopping the Server instance.
08-Apr-2022 10:14:37.848 INFO [main] org.apache.coyote.AbstractProtocol.pause Pausing ProtocolHandler ["http-nio-8080"]
08-Apr-2022 10:14:37.974 INFO [main] org.apache.catalina.core.StandardService.stopInternal Stopping service [Catalina]
08-Apr-2022 10:14:38.008 INFO [main] org.apache.coyote.AbstractProtocol.stop Stopping ProtocolHandler ["http-nio-8080"]
08-Apr-2022 10:14:38.025 INFO [main] org.apache.coyote.AbstractProtocol.destroy Destroying ProtocolHandler ["http-nio-8080"]
08-Apr-2022 10:14:56.873 INFO [main] org.apache.catalina.startup.VersionLoggerListener.log Server version name:   Apache Tomcat/8.5.76
08-Apr-2022 10:14:56.873 INFO [main] org.apache.catalina.startup.VersionLoggerListener.log Server built:          Feb 23 2022 17:59:11 UTC
08-Apr-2022 10:14:56.873 INFO [main] org.apache.catalina.startup.VersionLoggerListener.log Server version number: 8.5.76.0
08-Apr-2022 10:14:56.873 INFO [main] org.apache.catalina.startup.VersionLoggerListener.log OS Name:               Windows 10
08-Apr-2022 10:14:56.873 INFO [main] org.apache.catalina.startup.VersionLoggerListener.log OS Version:            10.0
08-Apr-2022 10:14:56.873 INFO [main] org.apache.catalina.startup.VersionLoggerListener.log Architecture:          amd64
08-Apr-2022 10:14:56.873 INFO [main] org.apache.catalina.startup.VersionLoggerListener.log Java Home:             C:\Program Files\Java\jdk1.8.0_271\jre
08-Apr-2022 10:14:56.873 INFO [main] org.apache.catalina.startup.VersionLoggerListener.log JVM Version:           1.8.0_271-b09
08-Apr-2022 10:14:56.873 INFO [main] org.apache.catalina.startup.VersionLoggerListener.log JVM Vendor:            Oracle Corporation
08-Apr-2022 10:14:56.873 INFO [main] org.apache.catalina.startup.VersionLoggerListener.log CATALINA_BASE:         D:\IJSE\Advanced API Development\2022..03..07\apache-tomcat-8.5.76
08-Apr-2022 10:14:56.873 INFO [main] org.apache.catalina.startup.VersionLoggerListener.log CATALINA_HOME:         D:\IJSE\Advanced API Development\2022..03..07\apache-tomcat-8.5.76
08-Apr-2022 10:14:56.873 INFO [main] org.apache.catalina.startup.VersionLoggerListener.log Command line argument: -Djava.util.logging.config.file=D:/IJSE/Advanced API Development/2022..03..07/apache-tomcat-8.5.76/conf/logging.properties
08-Apr-2022 10:14:56.873 INFO [main] org.apache.catalina.startup.VersionLoggerListener.log Command line argument: -Djava.util.logging.manager=org.apache.juli.ClassLoaderLogManager
08-Apr-2022 10:14:56.873 INFO [main] org.apache.catalina.startup.VersionLoggerListener.log Command line argument: -Djdk.tls.ephemeralDHKeySize=2048
08-Apr-2022 10:14:56.873 INFO [main] org.apache.catalina.startup.VersionLoggerListener.log Command line argument: -Djava.protocol.handler.pkgs=org.apache.catalina.webresources
08-Apr-2022 10:14:56.873 INFO [main] org.apache.catalina.startup.VersionLoggerListener.log Command line argument: -Dorg.apache.catalina.security.SecurityListener.UMASK=0027
08-Apr-2022 10:14:56.873 INFO [main] org.apache.catalina.startup.VersionLoggerListener.log Command line argument: -Dignore.endorsed.dirs=
08-Apr-2022 10:14:56.873 INFO [main] org.apache.catalina.startup.VersionLoggerListener.log Command line argument: -Dcatalina.base=D:/IJSE/Advanced API Development/2022..03..07/apache-tomcat-8.5.76
08-Apr-2022 10:14:56.873 INFO [main] org.apache.catalina.startup.VersionLoggerListener.log Command line argument: -Dcatalina.home=D:/IJSE/Advanced API Development/2022..03..07/apache-tomcat-8.5.76
08-Apr-2022 10:14:56.873 INFO [main] org.apache.catalina.startup.VersionLoggerListener.log Command line argument: -Djava.io.tmpdir=D:/IJSE/Advanced API Development/2022..03..07/apache-tomcat-8.5.76/temp
08-Apr-2022 10:14:56.873 INFO [main] org.apache.catalina.core.AprLifecycleListener.lifecycleEvent Loaded Apache Tomcat Native library [1.2.31] using APR version [1.7.0].
08-Apr-2022 10:14:56.873 INFO [main] org.apache.catalina.core.AprLifecycleListener.lifecycleEvent APR capabilities: IPv6 [true], sendfile [true], accept filters [false], random [true], UDS [{4}].
08-Apr-2022 10:14:56.873 INFO [main] org.apache.catalina.core.AprLifecycleListener.lifecycleEvent APR/OpenSSL configuration: useAprConnector [false], useOpenSSL [true]
08-Apr-2022 10:14:56.873 INFO [main] org.apache.catalina.core.AprLifecycleListener.initializeSSL OpenSSL successfully initialized [OpenSSL 1.1.1l  24 Aug 2021]
08-Apr-2022 10:14:56.967 INFO [main] org.apache.coyote.AbstractProtocol.init Initializing ProtocolHandler ["http-nio-8080"]
08-Apr-2022 10:14:56.983 INFO [main] org.apache.catalina.startup.Catalina.load Initialization processed in 446 ms
08-Apr-2022 10:14:56.998 INFO [main] org.apache.catalina.core.StandardService.startInternal Starting service [Catalina]
08-Apr-2022 10:14:56.998 INFO [main] org.apache.catalina.core.StandardEngine.startInternal Starting Servlet engine: [Apache Tomcat/8.5.76]
08-Apr-2022 10:14:57.014 INFO [localhost-startStop-1] org.apache.catalina.startup.HostConfig.deployWAR Deploying web application archive [D:\IJSE\Advanced API Development\2022..03..07\apache-tomcat-8.5.76\webapps\unnamed.war]
08-Apr-2022 10:14:57.093 WARNING [localhost-startStop-1] org.apache.tomcat.util.descriptor.web.WebXml.setVersion Unknown version string [4.0]. Default version will be used.
08-Apr-2022 10:14:57.297 WARNING [localhost-startStop-1] org.apache.catalina.util.SessionIdGeneratorBase.createSecureRandom Creation of SecureRandom instance for session ID generation using [SHA1PRNG] took [126] milliseconds.
08-Apr-2022 10:14:57.297 INFO [localhost-startStop-1] org.apache.catalina.startup.HostConfig.deployWAR Deployment of web application archive [D:\IJSE\Advanced API Development\2022..03..07\apache-tomcat-8.5.76\webapps\unnamed.war] has finished in [283] ms
08-Apr-2022 10:14:57.297 INFO [localhost-startStop-1] org.apache.catalina.startup.HostConfig.deployDirectory Deploying web application directory [D:\IJSE\Advanced API Development\2022..03..07\apache-tomcat-8.5.76\webapps\docs]
08-Apr-2022 10:14:57.313 INFO [localhost-startStop-1] org.apache.catalina.startup.HostConfig.deployDirectory Deployment of web application directory [D:\IJSE\Advanced API Development\2022..03..07\apache-tomcat-8.5.76\webapps\docs] has finished in [16] ms
08-Apr-2022 10:14:57.313 INFO [localhost-startStop-1] org.apache.catalina.startup.HostConfig.deployDirectory Deploying web application directory [D:\IJSE\Advanced API Development\2022..03..07\apache-tomcat-8.5.76\webapps\examples]
08-Apr-2022 10:14:57.502 INFO [localhost-startStop-1] org.apache.catalina.startup.HostConfig.deployDirectory Deployment of web application directory [D:\IJSE\Advanced API Development\2022..03..07\apache-tomcat-8.5.76\webapps\examples] has finished in [189] ms
08-Apr-2022 10:14:57.502 INFO [localhost-startStop-1] org.apache.catalina.startup.HostConfig.deployDirectory Deploying web application directory [D:\IJSE\Advanced API Development\2022..03..07\apache-tomcat-8.5.76\webapps\host-manager]
08-Apr-2022 10:14:57.533 INFO [localhost-startStop-1] org.apache.catalina.startup.HostConfig.deployDirectory Deployment of web application directory [D:\IJSE\Advanced API Development\2022..03..07\apache-tomcat-8.5.76\webapps\host-manager] has finished in [31] ms
08-Apr-2022 10:14:57.533 INFO [localhost-startStop-1] org.apache.catalina.startup.HostConfig.deployDirectory Deploying web application directory [D:\IJSE\Advanced API Development\2022..03..07\apache-tomcat-8.5.76\webapps\manager]
08-Apr-2022 10:14:57.549 INFO [localhost-startStop-1] org.apache.catalina.startup.HostConfig.deployDirectory Deployment of web application directory [D:\IJSE\Advanced API Development\2022..03..07\apache-tomcat-8.5.76\webapps\manager] has finished in [0] ms
08-Apr-2022 10:14:57.549 INFO [localhost-startStop-1] org.apache.catalina.startup.HostConfig.deployDirectory Deploying web application directory [D:\IJSE\Advanced API Development\2022..03..07\apache-tomcat-8.5.76\webapps\ROOT]
08-Apr-2022 10:14:57.549 INFO [localhost-startStop-1] org.apache.catalina.startup.HostConfig.deployDirectory Deployment of web application directory [D:\IJSE\Advanced API Development\2022..03..07\apache-tomcat-8.5.76\webapps\ROOT] has finished in [0] ms
08-Apr-2022 10:14:57.549 INFO [main] org.apache.coyote.AbstractProtocol.start Starting ProtocolHandler ["http-nio-8080"]
08-Apr-2022 10:14:57.565 INFO [main] org.apache.catalina.startup.Catalina.start Server startup in 581 ms
08-Apr-2022 10:32:01.831 INFO [main] org.apache.catalina.core.StandardServer.await A valid shutdown command was received via the shutdown port. Stopping the Server instance.
08-Apr-2022 10:32:01.831 INFO [main] org.apache.coyote.AbstractProtocol.pause Pausing ProtocolHandler ["http-nio-8080"]
08-Apr-2022 10:32:02.003 INFO [main] org.apache.catalina.core.StandardService.stopInternal Stopping service [Catalina]
08-Apr-2022 10:32:02.020 INFO [main] org.apache.coyote.AbstractProtocol.stop Stopping ProtocolHandler ["http-nio-8080"]
08-Apr-2022 10:32:02.036 INFO [main] org.apache.coyote.AbstractProtocol.destroy Destroying ProtocolHandler ["http-nio-8080"]
